<?xml version="1.0" encoding="UTF-8"?>
<testng-results ignored="0" total="1" passed="1" failed="0" skipped="0">
  <reporter-output>
  </reporter-output>
  <suite started-at="2024-05-08T22:20:41 CET" name="Suite" finished-at="2024-05-08T22:20:49 CET" duration-ms="8163">
    <groups>
    </groups>
    <test started-at="2024-05-08T22:20:41 CET" name="Test" finished-at="2024-05-08T22:20:49 CET" duration-ms="8163">
      <class name="com.Todo.tests.AddTodoTest">
        <test-method is-config="true" signature="setupTest(java.lang.String)[pri:0, instance:com.Todo.tests.AddTodoTest@5119fb47]" started-at="2024-05-08T22:20:41 CET" name="setupTest" finished-at="2024-05-08T22:20:47 CET" duration-ms="6494" status="PASS">
          <params>
            <param index="0">
              <value>
                <![CDATA[firefox]]>
              </value>
            </param>
          </params>
          <reporter-output>
          </reporter-output>
        </test-method> <!-- setupTest -->
        <test-method signature="iCanAddTodo()[pri:0, instance:com.Todo.tests.AddTodoTest@5119fb47]" started-at="2024-05-08T22:20:47 CET" name="iCanAddTodo" finished-at="2024-05-08T22:20:47 CET" duration-ms="253" status="PASS">
          <reporter-output>
          </reporter-output>
        </test-method> <!-- iCanAddTodo -->
        <test-method is-config="true" signature="tearDown()[pri:0, instance:com.Todo.tests.AddTodoTest@5119fb47]" started-at="2024-05-08T22:20:47 CET" name="tearDown" finished-at="2024-05-08T22:20:49 CET" duration-ms="1359" status="PASS">
          <reporter-output>
          </reporter-output>
        </test-method> <!-- tearDown -->
      </class> <!-- com.Todo.tests.AddTodoTest -->
    </test> <!-- Test -->
  </suite> <!-- Suite -->
</testng-results>
